[23Apr2026 00:00:00.773] [Server thread/INFO] [net.minecraft.server.MinecraftServer/]: [Not Secure] <lololo1> oro tenes?
[23Apr2026 00:00:06.695] [Server thread/INFO] [net.minecraft.server.MinecraftServer/]: [Not Secure] <shi_no_mi> si
[23Apr2026 00:00:08.153] [Server thread/INFO] [net.minecraft.server.MinecraftServer/]: [Not Secure] <shi_no_mi> 56
[23Apr2026 00:00:12.843] [Server thread/INFO] [net.minecraft.server.MinecraftServer/]: [Not Secure] <shi_no_mi> 307
[23Apr2026 00:00:17.339] [Server thread/INFO] [net.minecraft.server.MinecraftServer/]: [Not Secure] <shi_no_mi> metros
[23Apr2026 00:00:18.383] [Server thread/INFO] [net.minecraft.server.MinecraftServer/]: [Not Secure] <lololo1> necesito
[23Apr2026 00:00:24.193] [Server thread/INFO] [net.minecraft.server.MinecraftServer/]: [Not Secure] <shi_no_mi> voy
[23Apr2026 00:02:10.073] [Server thread/INFO] [net.minecraft.server.MinecraftServer/]: [Not Secure] <shi_no_mi> zzz
[23Apr2026 00:02:24.589] [Server thread/INFO] [net.minecraft.server.MinecraftServer/]: [Not Secure] <lololo1> eh?
[23Apr2026 00:02:37.517] [Server thread/INFO] [net.minecraft.server.MinecraftServer/]: [Not Secure] <lololo1> es de día man
[23Apr2026 00:02:39.163] [Server thread/INFO] [net.minecraft.server.MinecraftServer/]: [Not Secure] <shi_no_mi> no es de noche'
[23Apr2026 00:02:39.786] [Server thread/INFO] [net.minecraft.server.MinecraftServer/]: [Not Secure] <lololo1> que zzz
[23Apr2026 00:03:00.694] [Server thread/INFO] [net.minecraft.server.MinecraftServer/]: [Not Secure] <shi_no_mi> man no hay letras del nivel de glitch que tengo
[23Apr2026 00:03:14.083] [Server thread/INFO] [net.minecraft.server.MinecraftServer/]: [Not Secure] <shi_no_mi> la mitad estan censuradas
[23Apr2026 00:03:34.982] [Server thread/INFO] [net.minecraft.server.MinecraftServer/]: [Not Secure] <shi_no_mi> pasame la sierra
[23Apr2026 00:03:36.687] [Server thread/INFO] [net.minecraft.server.MinecraftServer/]: [Not Secure] <lololo1> xd
[23Apr2026 00:03:47.644] [Server thread/INFO] [net.minecraft.server.MinecraftServer/]: [Not Secure] <lololo1> para
[23Apr2026 00:03:53.007] [Server thread/INFO] [net.minecraft.server.MinecraftServer/]: [Not Secure] <shi_no_mi> asi armo la maderera
[23Apr2026 00:05:08.915] [Server thread/INFO] [net.minecraft.server.MinecraftServer/]: [Not Secure] <lololo1> sulfur y niter se consiguen minando
[23Apr2026 00:05:20.941] [Server thread/INFO] [net.minecraft.server.MinecraftServer/]: [Not Secure] <shi_no_mi> seh
[23Apr2026 00:05:23.883] [Server thread/INFO] [net.minecraft.server.MinecraftServer/]: [Not Secure] <lololo1> consigo bastante de eso, pero tengo que ir denuevo
[23Apr2026 00:05:45.800] [Server thread/INFO] [net.minecraft.server.MinecraftServer/]: [Not Secure] <lololo1> denuevo, no hay raíles ni antorchas
[23Apr2026 00:05:50.561] [Server thread/INFO] [net.minecraft.server.MinecraftServer/]: [Not Secure] <shi_no_mi> xd
[23Apr2026 00:06:17.281] [Server thread/INFO] [net.minecraft.server.MinecraftServer/]: [Not Secure] <shi_no_mi> calcula cuantos necesita maximo la maquina y el resto dejate en el inventario xd
[23Apr2026 00:08:23.801] [Server thread/INFO] [net.minecraft.server.MinecraftServer/]: [Not Secure] <lololo1> ahora si, zzz
[23Apr2026 00:09:57.447] [Server thread/INFO] [net.minecraft.server.MinecraftServer/]: [Not Secure] <shi_no_mi> si vas a ir a minar te acompaño
[23Apr2026 00:11:03.593] [Server thread/INFO] [net.minecraft.server.MinecraftServer/]: [Not Secure] <shi_no_mi> senku
[23Apr2026 00:11:35.962] [Server thread/INFO] [net.minecraft.server.MinecraftServer/]: [Not Secure] <lololo1> ta bien, ahora voy
[23Apr2026 00:13:08.915] [Server thread/INFO] [net.minecraft.server.MinecraftServer/]: [Not Secure] <lololo1> el lingote de electrum te sirve de algo?
[23Apr2026 00:13:10.634] [Server thread/INFO] [net.minecraft.server.MinecraftServer/]: [Not Secure] <shi_no_mi> la cosa quedo falta agrandar el molino
[23Apr2026 00:13:15.842] [Server thread/INFO] [net.minecraft.server.MinecraftServer/]: [Not Secure] <shi_no_mi> creo que si
[23Apr2026 00:17:07.494] [Server thread/INFO] [net.minecraft.server.MinecraftServer/]: [Not Secure] <lololo1> estás?
[23Apr2026 00:17:28.445] [Server thread/INFO] [net.minecraft.server.MinecraftServer/]: [Not Secure] <shi_no_mi> si
[23Apr2026 00:17:33.049] [Server thread/INFO] [net.minecraft.server.MinecraftServer/]: shi_no_mi got cut in half by a Mechanical Saw
[23Apr2026 00:17:33.085] [Server thread/INFO] [tombstone/]: The player shi_no_mi has successfully been saved
[23Apr2026 00:18:47.930] [Server thread/INFO] [net.minecraft.server.MinecraftServer/]: [Not Secure] <lololo1> dale bro
[23Apr2026 00:19:05.120] [Server thread/INFO] [net.minecraft.server.MinecraftServer/]: [Not Secure] <shi_no_mi> vamos
[23Apr2026 00:19:11.253] [Server thread/INFO] [net.minecraft.server.MinecraftServer/]: [Not Secure] <shi_no_mi> luego acomodo
[23Apr2026 00:19:25.330] [Server thread/INFO] [net.minecraft.server.MinecraftServer/]: [Not Secure] <lololo1> tenes alguna mina grande?
[23Apr2026 00:19:30.557] [Server thread/INFO] [net.minecraft.server.MinecraftServer/]: [Not Secure] <shi_no_mi> tenes diamantes?
[23Apr2026 00:19:31.480] [Server thread/INFO] [net.minecraft.server.MinecraftServer/]: [Not Secure] <lololo1> o vamos a una que vi?
[23Apr2026 00:19:47.256] [Server thread/INFO] [net.minecraft.server.MinecraftServer/]: [Not Secure] <shi_no_mi> LA UNICA QUE CONOZCO ES LA DE AL LADO DE CASA
[23Apr2026 00:19:53.141] [Server thread/INFO] [net.minecraft.server.MinecraftServer/]: [Not Secure] <shi_no_mi> xd mayus
[23Apr2026 00:19:59.094] [Server thread/INFO] [net.minecraft.server.MinecraftServer/]: [Not Secure] <lololo1> me sirve
[23Apr2026 00:20:11.349] [Server thread/INFO] [net.minecraft.server.MinecraftServer/]: [Not Secure] <lololo1> te sigo
[23Apr2026 00:20:21.829] [Server thread/INFO] [net.minecraft.server.MinecraftServer/]: [Not Secure] <lololo1> altura entre -30 y -45
[23Apr2026 00:21:07.143] [Server thread/INFO] [net.minecraft.server.MinecraftServer/]: [Not Secure] <shi_no_mi> aca
[23Apr2026 00:21:23.802] [Server thread/INFO] [net.minecraft.server.MinecraftServer/]: [Not Secure] <lololo1> que carajos es eso
[23Apr2026 00:21:35.939] [Server thread/INFO] [net.minecraft.server.MinecraftServer/]: [Not Secure] <shi_no_mi> un bicho de tu mod
[23Apr2026 00:22:37.244] [Server thread/INFO] [net.minecraft.server.MinecraftServer/]: [Not Secure] <lololo1> perame
[23Apr2026 00:22:40.640] [Server thread/INFO] [net.minecraft.server.MinecraftServer/]: [Not Secure] <shi_no_mi> ok
[23Apr2026 00:23:26.717] [Server thread/INFO] [net.minecraft.server.MinecraftServer/]: [Not Secure] <lololo1> volvi
[23Apr2026 00:23:50.339] [Server thread/INFO] [net.minecraft.server.MinecraftServer/]: [Not Secure] <lololo1> el ocre da oro
[23Apr2026 00:23:55.106] [Server thread/INFO] [net.minecraft.server.MinecraftServer/]: [Not Secure] <shi_no_mi> ya se
[23Apr2026 00:23:59.136] [Server thread/INFO] [net.minecraft.server.MinecraftServer/]: [Not Secure] <shi_no_mi> engo 300
[23Apr2026 00:24:04.815] [Server thread/INFO] [net.minecraft.server.MinecraftServer/]: [Not Secure] <lololo1> god
[23Apr2026 00:24:13.386] [Server thread/INFO] [net.minecraft.server.MinecraftServer/]: [Not Secure] <shi_no_mi> te acordas que te dije que gaste 2 picos
[23Apr2026 00:24:19.623] [Server thread/INFO] [net.minecraft.server.MinecraftServer/]: [Not Secure] <lololo1> cierto
[23Apr2026 00:26:17.943] [Server thread/INFO] [net.minecraft.server.MinecraftServer/]: [Not Secure] <shi_no_mi> xd
[23Apr2026 00:27:18.922] [Server thread/INFO] [net.minecraft.server.MinecraftServer/]: [Not Secure] <shi_no_mi> cuando vuelvamos hago el impermeabilizadorinador
[23Apr2026 00:27:53.246] [Server thread/INFO] [net.minecraft.server.MinecraftServer/]: [Not Secure] <lololo1> yo voy a cenar, me quedo afk aca
[23Apr2026 00:27:57.772] [Server thread/INFO] [net.minecraft.server.MinecraftServer/]: [Not Secure] <shi_no_mi> ok
[23Apr2026 00:28:17.302] [Server thread/INFO] [net.minecraft.server.MinecraftServer/]: [Not Secure] <shi_no_mi> yo ire al baño
[23Apr2026 00:38:14.220] [Server thread/INFO] [net.minecraft.server.MinecraftServer/]: [Not Secure] <lololo1> VOLVI
[23Apr2026 00:38:17.056] [Server thread/INFO] [net.minecraft.server.MinecraftServer/]: [Not Secure] <lololo1> xd
[23Apr2026 00:50:37.611] [Server thread/INFO] [net.minecraft.server.MinecraftServer/]: [Not Secure] <shi_no_mi> volvi
[23Apr2026 00:50:40.731] [Server thread/INFO] [net.minecraft.server.MinecraftServer/]: [Not Secure] <lololo1> buenas
[23Apr2026 00:51:51.222] [Server thread/INFO] [net.minecraft.server.MinecraftServer/]: [Not Secure] <lololo1> el oro lo ando cocinando}
[23Apr2026 00:51:55.921] [Server thread/INFO] [net.minecraft.server.MinecraftServer/]: [Not Secure] <shi_no_mi> ok
[23Apr2026 00:51:59.847] [Server thread/INFO] [net.minecraft.server.MinecraftServer/]: [Not Secure] <lololo1> 13 va
[23Apr2026 00:52:03.521] [Server thread/INFO] [net.minecraft.server.MinecraftServer/]: [Not Secure] <lololo1> 43*
[23Apr2026 00:52:04.435] [Server thread/INFO] [net.minecraft.server.MinecraftServer/]: [Not Secure] <shi_no_mi> yo agarre el su,lfur
[23Apr2026 00:52:16.938] [Server thread/INFO] [net.minecraft.server.MinecraftServer/]: [Not Secure] <lololo1> lo deje yo ahi, xd
[23Apr2026 00:52:21.345] [Server thread/INFO] [net.minecraft.server.MinecraftServer/]: [Not Secure] <shi_no_mi> ah
[23Apr2026 00:52:36.319] [Server thread/INFO] [net.minecraft.server.MinecraftServer/]: [Not Secure] <lololo1> capaz habría que subir unos 10 bloques
[23Apr2026 00:52:44.531] [Server thread/INFO] [net.minecraft.server.MinecraftServer/]: [Not Secure] <shi_no_mi> seh
[23Apr2026 00:52:53.155] [Server thread/INFO] [net.minecraft.server.MinecraftServer/]: [Not Secure] <lololo1> pero ta, cuando lleguemos a una zona abierta
[23Apr2026 00:53:10.281] [Server thread/INFO] [net.minecraft.server.MinecraftServer/]: [Not Secure] <lololo1> por aca pasé antes
[23Apr2026 00:53:13.096] [Server thread/INFO] [net.minecraft.server.MinecraftServer/]: [Not Secure] <lololo1> mira el mapa
[23Apr2026 00:55:26.616] [Server thread/INFO] [net.minecraft.server.MinecraftServer/]: [Not Secure] <shi_no_mi> bro invocaste wardens
[23Apr2026 00:55:32.779] [Server thread/INFO] [net.minecraft.server.MinecraftServer/]: [Not Secure] <lololo1> me cago en el warden
[23Apr2026 00:55:45.179] [Server thread/INFO] [net.minecraft.server.MinecraftServer/]: [Not Secure] <shi_no_mi> que hizo
[23Apr2026 00:56:12.260] [Server thread/INFO] [net.minecraft.server.MinecraftServer/]: [Not Secure] <lololo1> oscurece toda la vista
[23Apr2026 00:59:31.271] [Server thread/INFO] [net.minecraft.server.MinecraftServer/]: [Not Secure] <shi_no_mi> por que peleas
[23Apr2026 00:59:34.941] [Server thread/INFO] [net.minecraft.server.MinecraftServer/]: [Not Secure] <shi_no_mi> solo subite
[23Apr2026 01:02:50.290] [Server thread/INFO] [net.minecraft.server.MinecraftServer/]: [Not Secure] <shi_no_mi> poquito resistentes los bichos de mierda
[23Apr2026 01:02:58.338] [Server thread/INFO] [net.minecraft.server.MinecraftServer/]: [Not Secure] <lololo1> xd
[23Apr2026 01:04:31.243] [Server thread/INFO] [net.minecraft.server.MinecraftServer/]: [Not Secure] <lololo1> un bloque se uranio
[23Apr2026 01:05:08.870] [Server thread/INFO] [net.minecraft.server.MinecraftServer/]: [Not Secure] <lololo1> mira
[23Apr2026 01:05:25.223] [Server thread/INFO] [net.minecraft.server.MinecraftServer/]: [Not Secure] <shi_no_mi> god
[23Apr2026 01:05:27.678] [Server thread/INFO] [net.minecraft.server.MinecraftServer/]: [Not Secure] <lololo1> en el cofre
[23Apr2026 01:06:21.529] [Server thread/INFO] [net.minecraft.server.MinecraftServer/]: [Not Secure] <shi_no_mi> no nos persiguieron los de uranio xd
[23Apr2026 01:06:31.084] [Server thread/INFO] [net.minecraft.server.MinecraftServer/]: [Not Secure] <lololo1> no hacen nada
[23Apr2026 01:06:39.040] [Server thread/INFO] [net.minecraft.server.MinecraftServer/]: [Not Secure] <lololo1> amenos que les pegues
[23Apr2026 01:07:04.680] [Server thread/INFO] [net.minecraft.server.MinecraftServer/]: [Not Secure] <lololo1> puta madre agustin
[23Apr2026 01:07:10.210] [Server thread/INFO] [net.minecraft.server.MinecraftServer/]: [Not Secure] <shi_no_mi> yo que
[23Apr2026 01:07:13.523] [Server thread/INFO] [net.minecraft.server.MinecraftServer/]: [Not Secure] <lololo1> ahora se culea la tuneladora
[23Apr2026 01:07:46.183] [Server thread/INFO] [net.minecraft.server.MinecraftServer/]: lololo1 was slain by Warden
[23Apr2026 01:07:46.193] [Server thread/INFO] [tombstone/]: The player lololo1 has successfully been saved
[23Apr2026 01:07:47.323] [Server thread/INFO] [net.minecraft.server.MinecraftServer/]: [Not Secure] <shi_no_mi> porque la ataca?
[23Apr2026 01:07:54.887] [Server thread/INFO] [net.minecraft.server.MinecraftServer/]: [Not Secure] <lololo1> por el ruido
[23Apr2026 01:07:59.941] [Server thread/INFO] [net.minecraft.server.MinecraftServer/]: [Not Secure] <shi_no_mi> bichos de uranio de mierda
[23Apr2026 01:08:04.770] [Server thread/INFO] [net.minecraft.server.MinecraftServer/]: [Not Secure] <lololo1> no pienso caminar
[23Apr2026 01:08:08.418] [Server thread/INFO] [net.minecraft.server.MinecraftServer/]: [lololo1: Teleported lololo1 to shi_no_mi]
[23Apr2026 01:08:11.411] [Server thread/INFO] [net.minecraft.server.MinecraftServer/]: [Not Secure] <shi_no_mi> me habias dicho que no hacia ruido
[23Apr2026 01:08:20.131] [Server thread/INFO] [net.minecraft.server.MinecraftServer/]: lololo1 was slain by Warden
[23Apr2026 01:08:20.143] [Server thread/INFO] [tombstone/]: The player lololo1 has successfully been saved
[23Apr2026 01:08:43.614] [Server thread/INFO] [net.minecraft.server.MinecraftServer/]: [Not Secure] <lololo1> ps si hace, xd
[23Apr2026 01:09:07.317] [Server thread/INFO] [net.minecraft.server.MinecraftServer/]: [Not Secure] <shi_no_mi> los uranium monsters nos defienden
[23Apr2026 01:09:17.584] [Server thread/INFO] [net.minecraft.server.MinecraftServer/]: [Not Secure] <shi_no_mi> luego agregamos sierras aca y ta
[23Apr2026 01:09:18.371] [Server thread/INFO] [net.minecraft.server.MinecraftServer/]: [Not Secure] <lololo1> no le hacen nada
[23Apr2026 01:09:35.996] [Server thread/INFO] [net.minecraft.server.MinecraftServer/]: [Not Secure] <shi_no_mi> 7 de vida le bajaron
[23Apr2026 01:09:41.668] [Server thread/INFO] [net.minecraft.server.MinecraftServer/]: [Not Secure] <lololo1> fui yo
[23Apr2026 01:09:45.012] [Server thread/INFO] [net.minecraft.server.MinecraftServer/]: [Not Secure] <shi_no_mi> a
[23Apr2026 01:09:45.681] [Server thread/INFO] [net.minecraft.server.MinecraftServer/]: lololo1 was obliterated by a sonically-charged shriek
[23Apr2026 01:09:45.700] [Server thread/INFO] [tombstone/]: The player lololo1 has successfully been saved
[23Apr2026 01:09:57.756] [Server thread/INFO] [net.minecraft.server.MinecraftServer/]: [Not Secure] <lololo1> fui yo
[23Apr2026 01:10:02.114] [Server thread/INFO] [net.minecraft.server.MinecraftServer/]: [lololo1: Teleported lololo1 to shi_no_mi]
[23Apr2026 01:10:02.292] [Server thread/INFO] [net.minecraft.server.MinecraftServer/]: [Not Secure] <shi_no_mi> ya se caera a la lava
[23Apr2026 01:10:49.043] [Server thread/INFO] [net.minecraft.server.MinecraftServer/]: [Not Secure] <lololo1> que lava bro
[23Apr2026 01:10:51.185] [Server thread/INFO] [net.minecraft.server.MinecraftServer/]: [Not Secure] <shi_no_mi> pesima compañia la del warden
[23Apr2026 01:10:56.368] [Server thread/INFO] [net.minecraft.server.MinecraftServer/]: [Not Secure] <shi_no_mi> pense que habia lava
[23Apr2026 01:11:26.743] [Server thread/INFO] [net.minecraft.server.MinecraftServer/]: [Not Secure] <shi_no_mi> decia en el suelo donde el no seguiria y nosotros si porque hacemos puente
[23Apr2026 01:11:32.819] [Server thread/INFO] [net.minecraft.server.MinecraftServer/]: [Not Secure] <shi_no_mi> ahi cayo
[23Apr2026 01:12:03.101] [Server thread/INFO] [net.minecraft.server.MinecraftServer/]: [Not Secure] <lololo1> god
[23Apr2026 01:12:16.159] [Server thread/INFO] [net.minecraft.server.MinecraftServer/]: [Not Secure] <lololo1> 96 de oro
[23Apr2026 01:13:02.097] [Server thread/INFO] [net.minecraft.server.MinecraftServer/]: [Not Secure] <lololo1> hay que subir unos 10 bloques cuando se peud
[23Apr2026 01:13:07.151] [Server thread/INFO] [net.minecraft.server.MinecraftServer/]: [Not Secure] <lololo1> pueda*
[23Apr2026 01:14:10.985] [Server thread/INFO] [net.minecraft.server.MinecraftServer/]: [Not Secure] <lololo1> para aca
[23Apr2026 01:14:29.043] [Server thread/INFO] [net.minecraft.server.MinecraftServer/]: [Not Secure] <lololo1> y la vagoneta?
[23Apr2026 01:14:41.165] [Server thread/INFO] [net.minecraft.server.MinecraftServer/]: [Not Secure] <shi_no_mi> pone la solidificadora
[23Apr2026 01:17:03.593] [Server thread/INFO] [net.minecraft.server.MinecraftServer/]: [lololo1: Teleported shi_no_mi to lololo1]
[23Apr2026 01:17:13.029] [Server thread/INFO] [net.minecraft.server.MinecraftServer/]: [Not Secure] <shi_no_mi> casi me matas xd
[23Apr2026 01:17:19.046] [Server thread/INFO] [net.minecraft.server.MinecraftServer/]: [Not Secure] <lololo1> por eso el tp
[23Apr2026 01:17:29.641] [Server thread/INFO] [net.minecraft.server.MinecraftServer/]: [Not Secure] <shi_no_mi> me habia oculktado a salvo igual
[23Apr2026 01:17:41.111] [Server thread/INFO] [net.minecraft.server.MinecraftServer/]: [Not Secure] <shi_no_mi> ya queres subir?
[23Apr2026 01:18:02.287] [Server thread/INFO] [net.minecraft.server.MinecraftServer/]: [Not Secure] <lololo1> aca subimos
[23Apr2026 01:18:11.041] [Server thread/INFO] [net.minecraft.server.MinecraftServer/]: [Not Secure] <lololo1> no, subimos 10 bloques
[23Apr2026 01:19:01.503] [Server thread/INFO] [net.minecraft.server.MinecraftServer/]: [Not Secure] <shi_no_mi> ire a buscar el cargador
[23Apr2026 01:19:05.029] [Server thread/INFO] [net.minecraft.server.MinecraftServer/]: [Not Secure] <lololo1> ok
[23Apr2026 01:19:05.817] [Server thread/INFO] [net.minecraft.server.MinecraftServer/]: [Not Secure] <shi_no_mi> luego te alcanzo
[23Apr2026 01:26:05.756] [Server thread/INFO] [net.minecraft.server.MinecraftServer/]: [Not Secure] <shi_no_mi> agradezcamos que no se rompen cosas al estar en modo contraption
[23Apr2026 01:26:13.464] [Server thread/INFO] [net.minecraft.server.MinecraftServer/]: [Not Secure] <lololo1> se
[23Apr2026 01:27:31.462] [Server thread/INFO] [net.minecraft.server.MinecraftServer/]: [Not Secure] <lololo1> movete man
[23Apr2026 01:52:06.818] [Server thread/INFO] [net.minecraft.server.MinecraftServer/]: [Not Secure] <shi_no_mi> que paso
[23Apr2026 01:52:10.839] [Server thread/INFO] [net.minecraft.server.MinecraftServer/]: [Not Secure] <lololo1> agua
[23Apr2026 01:52:16.979] [Server thread/INFO] [net.minecraft.server.MinecraftServer/]: [Not Secure] <shi_no_mi> volvemos a casa?
[23Apr2026 01:52:35.109] [Server thread/INFO] [net.minecraft.server.MinecraftServer/]: [Not Secure] <lololo1> ta bien
[23Apr2026 01:52:58.101] [Server thread/INFO] [net.minecraft.server.MinecraftServer/]: [lololo1: Teleported lololo1 to 105.500000, 63.500000, -186.500000]
[23Apr2026 01:53:04.194] [Server thread/INFO] [net.minecraft.server.MinecraftServer/]: [lololo1: Teleported shi_no_mi to lololo1]
[23Apr2026 01:57:06.851] [Server thread/INFO] [net.minecraft.server.MinecraftServer/]: [Not Secure] <lololo1> en el nether no la puedo usar?
[23Apr2026 01:57:11.445] [Server thread/INFO] [net.minecraft.server.MinecraftServer/]: [Not Secure] <shi_no_mi> si
[23Apr2026 01:57:21.073] [Server thread/INFO] [net.minecraft.server.MinecraftServer/]: [Not Secure] <shi_no_mi> pero antes hay que volverla impermeable
[23Apr2026 01:57:23.060] [Server thread/INFO] [net.minecraft.server.MinecraftServer/]: [Not Secure] <shi_no_mi> veni
[23Apr2026 01:57:39.594] [Server thread/INFO] [net.minecraft.server.MinecraftServer/]: [Not Secure] <shi_no_mi> ponela en algun lado y la hago impenetrable
[23Apr2026 01:57:50.886] [Server thread/INFO] [net.minecraft.server.MinecraftServer/]: [Not Secure] <lololo1> voy
[23Apr2026 01:59:08.746] [Server thread/INFO] [net.minecraft.server.MinecraftServer/]: [Not Secure] <shi_no_mi> ponela modo bloque
[23Apr2026 02:02:00.703] [Server thread/INFO] [net.minecraft.server.MinecraftServer/]: [Not Secure] <lololo1> ya no se eneral mobs cerca
[23Apr2026 02:03:24.756] [Server thread/INFO] [net.minecraft.server.MinecraftServer/]: [Not Secure] <shi_no_mi> tenes vidrio?
[23Apr2026 02:03:30.579] [Server thread/INFO] [net.minecraft.server.MinecraftServer/]: [Not Secure] <lololo1> no
[23Apr2026 02:04:16.632] [Server thread/INFO] [net.minecraft.server.MinecraftServer/]: [Not Secure] <lololo1> y mimineral bro
[23Apr2026 02:05:53.760] [Server thread/INFO] [net.minecraft.server.MinecraftServer/]: [Not Secure] <shi_no_mi> zzz
[23Apr2026 02:06:22.608] [Server thread/INFO] [net.minecraft.server.MinecraftServer/]: [Not Secure] <shi_no_mi> ya casi esta la tuneladora
[23Apr2026 02:06:33.061] [Server thread/INFO] [net.minecraft.server.MinecraftServer/]: [Not Secure] <lololo1> yo sigo cocianndo, xd
[23Apr2026 02:09:30.344] [Server thread/INFO] [net.minecraft.server.MinecraftServer/]: [Not Secure] <shi_no_mi> mira la tuneladora
[23Apr2026 02:09:34.707] [Server thread/INFO] [net.minecraft.server.MinecraftServer/]: [Not Secure] <lololo1> voy
[23Apr2026 02:09:47.670] [Server thread/INFO] [net.minecraft.server.MinecraftServer/]: [Not Secure] <lololo1> xd
[23Apr2026 02:09:54.024] [Server thread/INFO] [net.minecraft.server.MinecraftServer/]: [Not Secure] <shi_no_mi> tene en cuenta que es la unica forma de que sea inmune al agua y lava
[23Apr2026 02:10:17.955] [Server thread/WARN] [net.minecraft.server.MinecraftServer/]: Can't keep up! Is the server overloaded? Running 3678ms or 73 ticks behind
[23Apr2026 02:10:18.084] [Server thread/WARN] [net.minecraft.server.network.ServerGamePacketListenerImpl/]: shi_no_mi moved too quickly! -7.402898839386296,0.41999998688697815,-7.073338907502546
[23Apr2026 02:11:17.523] [Server thread/INFO] [net.minecraft.server.MinecraftServer/]: [Not Secure] <lololo1> hay que conseguir mucha obsidiana
[23Apr2026 02:11:25.453] [Server thread/INFO] [net.minecraft.server.MinecraftServer/]: [Not Secure] <lololo1> la tuneladora la rompe?
[23Apr2026 02:14:27.540] [Server thread/INFO] [net.minecraft.server.MinecraftServer/]: shi_no_mi has reached the goal [Strong Arms]
[23Apr2026 02:14:49.870] [Server thread/INFO] [net.minecraft.server.MinecraftServer/]: [Not Secure] <shi_no_mi> ya hice la vestia queda comprobarlo
[23Apr2026 02:14:56.240] [Server thread/INFO] [net.minecraft.server.MinecraftServer/]: [Not Secure] <lololo1> god
[23Apr2026 02:15:00.452] [Server thread/INFO] [net.minecraft.server.MinecraftServer/]: [Not Secure] <lololo1> ahora la pruebo
[23Apr2026 02:15:08.189] [Server thread/INFO] [net.minecraft.server.MinecraftServer/]: [Not Secure] <lololo1> de cuanto por cuanto es?
[23Apr2026 02:15:19.910] [Server thread/INFO] [net.minecraft.server.MinecraftServer/]: [Not Secure] <shi_no_mi> 9x14x11
[23Apr2026 02:15:28.314] [Server thread/INFO] [net.minecraft.server.MinecraftServer/]: [Not Secure] <shi_no_mi> osea la altura es la misma que antes creo
[23Apr2026 02:15:37.681] [Server thread/INFO] [net.minecraft.server.MinecraftServer/]: [Not Secure] <lololo1> ta bien
[23Apr2026 02:15:43.597] [Server thread/INFO] [net.minecraft.server.MinecraftServer/]: [Not Secure] <lololo1> 11 de altura ,no?
[23Apr2026 02:15:48.864] [Server thread/INFO] [net.minecraft.server.MinecraftServer/]: [Not Secure] <shi_no_mi> hay que probarla donde si o si pase por agua
[23Apr2026 02:15:59.346] [Server thread/INFO] [net.minecraft.server.MinecraftServer/]: [Not Secure] <shi_no_mi> creo no se medi veniw
[23Apr2026 02:16:30.364] [Server thread/INFO] [net.minecraft.server.MinecraftServer/]: [Not Secure] <lololo1> demora una banda en cocianr 800 cosas
[23Apr2026 02:16:32.301] [Server thread/INFO] [net.minecraft.server.MinecraftServer/]: [Not Secure] <lololo1> xd
[23Apr2026 02:16:40.122] [Server thread/INFO] [net.minecraft.server.MinecraftServer/]: [Not Secure] <shi_no_mi> y si xd
[23Apr2026 02:16:57.779] [Server thread/INFO] [net.minecraft.server.MinecraftServer/]: [Not Secure] <shi_no_mi> 6 de altura
[23Apr2026 02:17:17.088] [Server thread/INFO] [net.minecraft.server.MinecraftServer/]: [Not Secure] <lololo1> y desaparecio
[23Apr2026 02:17:20.005] [Server thread/INFO] [net.minecraft.server.MinecraftServer/]: [Not Secure] <lololo1> tremendo
[23Apr2026 02:17:22.249] [Server thread/INFO] [net.minecraft.server.MinecraftServer/]: [Not Secure] <shi_no_mi> mira esta vestia man
[23Apr2026 02:17:29.784] [Server thread/INFO] [net.minecraft.server.MinecraftServer/]: [Not Secure] <lololo1> ahora voy
[23Apr2026 02:17:30.622] [Server thread/INFO] [net.minecraft.server.MinecraftServer/]: [Not Secure] <shi_no_mi> faltarian asientos talvez
[23Apr2026 02:17:35.790] [Server thread/INFO] [net.minecraft.server.MinecraftServer/]: [Not Secure] <lololo1> bestia*
[23Apr2026 02:17:48.440] [Server thread/INFO] [net.minecraft.server.MinecraftServer/]: [Not Secure] <shi_no_mi> ya se
[23Apr2026 02:17:51.808] [Server thread/INFO] [net.minecraft.server.MinecraftServer/]: [Not Secure] <shi_no_mi> missclick
[23Apr2026 02:18:06.184] [Server thread/INFO] [net.minecraft.server.MinecraftServer/]: [Not Secure] <shi_no_mi> estan al lado en el teclado
[23Apr2026 02:18:14.556] [Server thread/INFO] [net.minecraft.server.MinecraftServer/]: [Not Secure] <shi_no_mi> no puse ñestia
[23Apr2026 02:18:26.280] [Server thread/INFO] [net.minecraft.server.MinecraftServer/]: [Not Secure] <lololo1> xd
[23Apr2026 02:18:38.539] [Server thread/INFO] [net.minecraft.server.MinecraftServer/]: [Not Secure] <shi_no_mi> no hay vias
[23Apr2026 02:18:44.844] [Server thread/INFO] [net.minecraft.server.MinecraftServer/]: [Not Secure] <lololo1> las tengo yo
[23Apr2026 02:18:47.858] [Server thread/INFO] [net.minecraft.server.MinecraftServer/]: [Not Secure] <shi_no_mi> ah ta
[23Apr2026 02:19:07.331] [Server thread/INFO] [net.minecraft.server.MinecraftServer/]: [Not Secure] <shi_no_mi> me dieron un logro por levantar esta cosa
[23Apr2026 02:19:13.485] [Server thread/INFO] [net.minecraft.server.MinecraftServer/]: [Not Secure] <lololo1> la vacié, no quiero perder mas de 30k de bloques denuevo
[23Apr2026 02:19:19.432] [Server thread/INFO] [net.minecraft.server.MinecraftServer/]: [Not Secure] <shi_no_mi> xd
[23Apr2026 02:20:05.714] [Server thread/INFO] [net.minecraft.server.MinecraftServer/]: [Not Secure] <shi_no_mi> xd
[23Apr2026 02:20:09.771] [Server thread/INFO] [net.minecraft.server.MinecraftServer/]: [Not Secure] <shi_no_mi> era un topo
[23Apr2026 02:20:13.488] [Server thread/INFO] [net.minecraft.server.MinecraftServer/]: [Not Secure] <lololo1> una puerta falta bro
[23Apr2026 02:20:16.716] [Server thread/INFO] [net.minecraft.server.MinecraftServer/]: [Not Secure] <shi_no_mi> no
[23Apr2026 02:20:22.180] [Server thread/INFO] [net.minecraft.server.MinecraftServer/]: [Not Secure] <shi_no_mi> no funcionan
[23Apr2026 02:20:26.032] [Server thread/INFO] [net.minecraft.server.MinecraftServer/]: [Not Secure] <lololo1> una de hierro
[23Apr2026 02:20:38.153] [Server thread/INFO] [net.minecraft.server.MinecraftServer/]: [Not Secure] <shi_no_mi> al ser un constructo no se pueden abrir creo
[23Apr2026 02:20:49.302] [Server thread/INFO] [net.minecraft.server.MinecraftServer/]: [Not Secure] <lololo1> xd
[23Apr2026 02:20:53.918] [Server thread/INFO] [net.minecraft.server.MinecraftServer/]: [Not Secure] <shi_no_mi> pone una ahi
[23Apr2026 02:21:03.332] [Server thread/INFO] [net.minecraft.server.MinecraftServer/]: [Not Secure] <shi_no_mi> asi vemos si abre o no
[23Apr2026 02:21:34.349] [Server thread/INFO] [net.minecraft.server.MinecraftServer/]: [Not Secure] <shi_no_mi> man pone puerta
[23Apr2026 02:21:39.481] [Server thread/INFO] [net.minecraft.server.MinecraftServer/]: [Not Secure] <shi_no_mi> aca
[23Apr2026 02:21:54.981] [Server thread/INFO] [net.minecraft.server.MinecraftServer/]: [Not Secure] <shi_no_mi> creo que no abre pero por las dudas
[23Apr2026 02:22:08.900] [Server thread/INFO] [net.minecraft.server.MinecraftServer/]: [Not Secure] <shi_no_mi> ah mira
[23Apr2026 02:22:41.998] [Server thread/INFO] [net.minecraft.server.MinecraftServer/]: [Not Secure] <shi_no_mi> que god
[23Apr2026 02:22:54.015] [Server thread/INFO] [net.minecraft.server.MinecraftServer/]: [Not Secure] <shi_no_mi> en fin hay que probarla en altura de agua
[23Apr2026 02:22:57.851] [Server thread/INFO] [net.minecraft.server.MinecraftServer/]: lololo1 has reached the goal [Strong Arms]
[23Apr2026 02:23:05.323] [Server thread/INFO] [net.minecraft.server.MinecraftServer/]: [Not Secure] <lololo1> xd
[23Apr2026 02:23:08.847] [Server thread/INFO] [net.minecraft.server.MinecraftServer/]: [Not Secure] <shi_no_mi> ah se quedo sin bloques para pavimentar
[23Apr2026 02:23:20.820] [Server thread/INFO] [net.minecraft.server.MinecraftServer/]: [Not Secure] <lololo1> no tenia directamente
[23Apr2026 02:23:23.972] [Server thread/INFO] [net.minecraft.server.MinecraftServer/]: [Not Secure] <shi_no_mi> tipo no tenia puesta piedra
[23Apr2026 02:23:34.191] [Server thread/INFO] [net.minecraft.server.MinecraftServer/]: [Not Secure] <shi_no_mi> probemos lo del agua
[23Apr2026 02:23:49.267] [Server thread/INFO] [net.minecraft.server.MinecraftServer/]: [Not Secure] <shi_no_mi> piquemos aca 6 para abajo y testeamos
[23Apr2026 02:29:11.995] [Server thread/INFO] [net.minecraft.server.MinecraftServer/]: [Not Secure] <shi_no_mi> uno a la iquierda y 7 o 8 para atras
[23Apr2026 02:31:25.037] [Server thread/INFO] [net.minecraft.server.MinecraftServer/]: [Not Secure] <shi_no_mi> pal otro lado
[23Apr2026 02:31:32.008] [Server thread/INFO] [net.minecraft.server.MinecraftServer/]: [Not Secure] <lololo1> eso intento
[23Apr2026 02:31:34.684] [Server thread/INFO] [net.minecraft.server.MinecraftServer/]: [Not Secure] <shi_no_mi> ah
[23Apr2026 02:32:12.067] [Server thread/INFO] [net.minecraft.server.MinecraftServer/]: [Not Secure] <shi_no_mi> abramos mas espacio
[23Apr2026 02:32:13.504] [Server thread/INFO] [net.minecraft.server.MinecraftServer/]: [Not Secure] <lololo1> concha de la madre
[23Apr2026 02:34:34.784] [Server thread/INFO] [net.minecraft.server.MinecraftServer/]: [Not Secure] <lololo1> no tendría que tener bloques abajo?
[23Apr2026 02:34:35.442] [Server thread/INFO] [net.minecraft.server.MinecraftServer/]: [Not Secure] <shi_no_mi> no tenemos puerta se bugeo por la tierra esperemos no pase nada
[23Apr2026 02:34:51.287] [Server thread/INFO] [net.minecraft.server.MinecraftServer/]: [Not Secure] <shi_no_mi> ponele pizarra
[23Apr2026 02:34:55.458] [Server thread/INFO] [net.minecraft.server.MinecraftServer/]: [Not Secure] <lololo1> tipo, en el suelo
[23Apr2026 02:34:56.332] [Server thread/INFO] [net.minecraft.server.MinecraftServer/]: [Not Secure] <shi_no_mi> ahora si
[23Apr2026 02:35:01.836] [Server thread/INFO] [net.minecraft.server.MinecraftServer/]: [Not Secure] <lololo1> no digo eso
[23Apr2026 02:35:05.507] [Server thread/INFO] [net.minecraft.server.MinecraftServer/]: [Not Secure] <shi_no_mi> ponete aca
[23Apr2026 02:35:15.543] [Server thread/INFO] [net.minecraft.server.MinecraftServer/]: [Not Secure] <shi_no_mi> que verga
[23Apr2026 02:35:29.683] [Server thread/INFO] [net.minecraft.server.MinecraftServer/]: [Not Secure] <lololo1> el agua no es un bloque rompible bro
[23Apr2026 02:35:40.954] [Server thread/INFO] [net.minecraft.server.MinecraftServer/]: [Not Secure] <shi_no_mi> pense que no atravesaria
[23Apr2026 02:36:01.812] [Server thread/INFO] [net.minecraft.server.MinecraftServer/]: [Not Secure] <shi_no_mi> que cagada
[23Apr2026 02:36:07.932] [Server thread/INFO] [net.minecraft.server.MinecraftServer/]: [Not Secure] <lololo1> y si pones el codo que pone lo bloques?
[23Apr2026 02:36:20.646] [Server thread/INFO] [net.minecraft.server.MinecraftServer/]: [Not Secure] <shi_no_mi> el que?
[23Apr2026 02:36:31.586] [Server thread/INFO] [net.minecraft.server.MinecraftServer/]: [Not Secure] <lololo1> tipo, que cambie los bloques de agua por tierra ponele, y el taladro lo rompe
[23Apr2026 02:36:40.330] [Server thread/INFO] [net.minecraft.server.MinecraftServer/]: [Not Secure] <lololo1> veni
[23Apr2026 02:36:50.481] [Server thread/INFO] [net.minecraft.server.MinecraftServer/]: [Not Secure] <shi_no_mi> el vos decis lo que pavimenta?
[23Apr2026 02:36:56.185] [Server thread/INFO] [net.minecraft.server.MinecraftServer/]: [Not Secure] <lololo1> ese
[23Apr2026 02:37:06.781] [Server thread/INFO] [net.minecraft.server.MinecraftServer/]: [Not Secure] <lololo1> este
[23Apr2026 02:37:33.984] [Server thread/INFO] [net.minecraft.server.MinecraftServer/]: [Not Secure] <shi_no_mi> no puede como tal porque tendria que pasarle arriba y si uso eso no serviria de nada la tuneladora
[23Apr2026 02:37:42.831] [Server thread/INFO] [net.minecraft.server.MinecraftServer/]: [Not Secure] <shi_no_mi> estaria minando solo ese bloque
[23Apr2026 02:37:49.593] [Server thread/INFO] [net.minecraft.server.MinecraftServer/]: [Not Secure] <lololo1> ah
[23Apr2026 02:37:53.609] [Server thread/INFO] [net.minecraft.server.MinecraftServer/]: [Not Secure] <lololo1> f entonces
[23Apr2026 02:38:05.686] [Server thread/INFO] [net.minecraft.server.MinecraftServer/]: [Not Secure] <shi_no_mi> alguna solucion debe haber
[23Apr2026 02:38:10.462] [Server thread/INFO] [net.minecraft.server.MinecraftServer/]: [Not Secure] <lololo1> no aparecen mobs, god
[23Apr2026 02:38:14.191] [Server thread/INFO] [net.minecraft.server.MinecraftServer/]: [Not Secure] <shi_no_mi> voy a buscar
[23Apr2026 02:38:31.171] [Server thread/INFO] [net.minecraft.server.MinecraftServer/]: [Not Secure] <lololo1> luego saco a los pasivos, caballos t pollos
[23Apr2026 02:38:55.590] [Server thread/INFO] [net.minecraft.server.MinecraftServer/]: [Not Secure] <lololo1> voy a salir ahora, vas a seguir jugando?
[23Apr2026 02:39:44.645] [Server thread/INFO] [net.minecraft.server.MinecraftServer/]: [Not Secure] <lololo1> .
[23Apr2026 02:40:53.451] [Server thread/INFO] [net.minecraft.server.MinecraftServer/]: [Not Secure] <shi_no_mi> no
[23Apr2026 02:41:06.083] [Server thread/INFO] [net.minecraft.server.MinecraftServer/]: [Not Secure] <shi_no_mi> no se puede evitar el agua al parecer
[23Apr2026 02:41:16.888] [Server thread/INFO] [net.minecraft.server.MinecraftServer/]: [Not Secure] <shi_no_mi> probare mods de invincible
[23Apr2026 02:41:24.460] [Server thread/INFO] [net.minecraft.server.MinecraftServer/]: [Not Secure] <lololo1> ok, ya lo apago entonces
[23Apr2026 02:41:27.234] [Server thread/INFO] [net.minecraft.server.network.ServerGamePacketListenerImpl/]: lololo1 lost connection: Disconnected
[23Apr2026 02:41:27.235] [Server thread/INFO] [net.minecraft.server.MinecraftServer/]: lololo1 left the game
[23Apr2026 02:41:32.177] [Server thread/INFO] [net.minecraft.server.network.ServerGamePacketListenerImpl/]: shi_no_mi lost connection: Disconnected
[23Apr2026 02:41:32.178] [Server thread/INFO] [net.minecraft.server.MinecraftServer/]: shi_no_mi left the game
[23Apr2026 02:41:35.591] [Server thread/INFO] [net.minecraft.server.MinecraftServer/]: Stopping the server
[23Apr2026 02:41:36.867] [Config file watcher thread/INFO] [portb.configlib.ConfigLib/]: Watcher has shut down
[23Apr2026 02:41:36.871] [Server thread/INFO] [net.minecraft.server.MinecraftServer/]: Stopping server
[23Apr2026 02:41:36.875] [Server thread/INFO] [net.minecraft.server.MinecraftServer/]: Saving players
[23Apr2026 02:41:36.877] [Server thread/INFO] [net.minecraft.server.MinecraftServer/]: Saving worlds
[23Apr2026 02:41:36.926] [Server thread/INFO] [net.minecraft.server.MinecraftServer/]: Saving chunks for level 'ServerLevel[world]'/minecraft:overworld
[23Apr2026 02:41:37.193] [Server thread/INFO] [net.minecraft.server.MinecraftServer/]: Saving chunks for level 'ServerLevel[world]'/minecraft:the_end
[23Apr2026 02:41:37.195] [Server thread/INFO] [net.minecraft.server.MinecraftServer/]: Saving chunks for level 'ServerLevel[world]'/minecraft:the_nether
[23Apr2026 02:41:37.197] [Server thread/INFO] [net.minecraft.server.MinecraftServer/]: Saving chunks for level 'ServerLevel[world]'/ae2:spatial_storage
[23Apr2026 02:41:37.227] [Server thread/INFO] [net.minecraft.server.MinecraftServer/]: ThreadedAnvilChunkStorage (world): All chunks are saved
[23Apr2026 02:41:37.227] [Server thread/INFO] [net.minecraft.server.MinecraftServer/]: ThreadedAnvilChunkStorage (DIM1): All chunks are saved
[23Apr2026 02:41:37.227] [Server thread/INFO] [net.minecraft.server.MinecraftServer/]: ThreadedAnvilChunkStorage (DIM-1): All chunks are saved
[23Apr2026 02:41:37.227] [Server thread/INFO] [net.minecraft.server.MinecraftServer/]: ThreadedAnvilChunkStorage (spatial_storage): All chunks are saved
[23Apr2026 02:41:37.227] [Server thread/INFO] [net.minecraft.server.MinecraftServer/]: ThreadedAnvilChunkStorage: All dimensions are saved
[23Apr2026 02:41:37.443] [Server thread/INFO] [Framework/]: Unloading server configs...
[23Apr2026 02:41:37.444] [Server thread/INFO] [Framework/]: Finished unloading server configs
